[debug] [2023-11-30T16:40:34.477Z] ----------------------------------------------------------------------
[debug] [2023-11-30T16:40:34.481Z] Command:       C:\Program Files\nodejs\node.exe C:\Users\Christa\AppData\Roaming\npm\node_modules\firebase-tools\lib\bin\firebase.js init
[debug] [2023-11-30T16:40:34.482Z] CLI Version:   12.9.1
[debug] [2023-11-30T16:40:34.482Z] Platform:      win32
[debug] [2023-11-30T16:40:34.482Z] Node Version:  v18.18.2
[debug] [2023-11-30T16:40:34.484Z] Time:          Thu Nov 30 2023 08:40:34 GMT-0800 (Pacific Standard Time)
[debug] [2023-11-30T16:40:34.484Z] ----------------------------------------------------------------------
[debug] 
[debug] [2023-11-30T16:40:34.488Z] >>> [apiv2][query] GET https://firebase-public.firebaseio.com/cli.json [none]
[debug] [2023-11-30T16:40:34.626Z] > command requires scopes: ["email","openid","https://www.googleapis.com/auth/cloudplatformprojects.readonly","https://www.googleapis.com/auth/firebase","https://www.googleapis.com/auth/cloud-platform"]
[debug] [2023-11-30T16:40:34.627Z] > authorizing via signed-in user (jaysplaypen@gmail.com)
[info] 
     ######## #### ########  ######## ########     ###     ######  ########
     ##        ##  ##     ## ##       ##     ##  ##   ##  ##       ##
     ######    ##  ########  ######   ########  #########  ######  ######
     ##        ##  ##    ##  ##       ##     ## ##     ##       ## ##
     ##       #### ##     ## ######## ########  ##     ##  ######  ########

You're about to initialize a Firebase project in this directory:

  H:\NucampFolder\My porfolio\my-blog-firebase

Before we get started, keep in mind:

  * You are initializing within an existing Firebase project directory

[debug] [2023-11-30T16:40:34.791Z] <<< [apiv2][status] GET https://firebase-public.firebaseio.com/cli.json 200
[debug] [2023-11-30T16:40:34.792Z] <<< [apiv2][body] GET https://firebase-public.firebaseio.com/cli.json {"cloudBuildErrorAfter":1594252800000,"cloudBuildWarnAfter":1590019200000,"defaultNode10After":1594252800000,"minVersion":"3.0.5","node8DeploysDisabledAfter":1613390400000,"node8RuntimeDisabledAfter":1615809600000,"node8WarnAfter":1600128000000}
